Release 14.7 - xst P.20131013 (nt64)
Copyright (c) 1995-2013 Xilinx, Inc.  All rights reserved.
--> Parameter TMPDIR set to xst/projnav.tmp


Total REAL time to Xst completion: 0.00 secs
Total CPU time to Xst completion: 0.62 secs
 
--> Parameter xsthdpdir set to xst


Total REAL time to Xst completion: 0.00 secs
Total CPU time to Xst completion: 0.62 secs
 
--> Reading design: clk_div.prj

TABLE OF CONTENTS
  1) Synthesis Options Summary
  2) HDL Parsing
  3) HDL Elaboration
  4) HDL Synthesis
       4.1) HDL Synthesis Report
  5) Advanced HDL Synthesis
       5.1) Advanced HDL Synthesis Report
  6) Low Level Synthesis
  7) Partition Report
  8) Design Summary
       8.1) Primitive and Black Box Usage
       8.2) Device utilization summary
       8.3) Partition Resource Summary
       8.4) Timing Report
            8.4.1) Clock Information
            8.4.2) Asynchronous Control Signals Information
            8.4.3) Timing Summary
            8.4.4) Timing Details
            8.4.5) Cross Clock Domains Report


=========================================================================
*                      Synthesis Options Summary                        *
=========================================================================
---- Source Parameters
Input File Name                    : "clk_div.prj"
Ignore Synthesis Constraint File   : NO

---- Target Parameters
Output File Name                   : "clk_div"
Output Format                      : NGC
Target Device                      : xc6slx16-3-csg324

---- Source Options
Top Module Name                    : clk_div
Automatic FSM Extraction           : YES
FSM Encoding Algorithm             : Auto
Safe Implementation                : No
FSM Style                          : LUT
RAM Extraction                     : Yes
RAM Style                          : Auto
ROM Extraction                     : Yes
Shift Register Extraction          : YES
ROM Style                          : Auto
Resource Sharing                   : YES
Asynchronous To Synchronous        : NO
Shift Register Minimum Size        : 2
Use DSP Block                      : Auto
Automatic Register Balancing       : No

---- Target Options
LUT Combining                      : Auto
Reduce Control Sets                : Auto
Add IO Buffers                     : YES
Global Maximum Fanout              : 100000
Add Generic Clock Buffer(BUFG)     : 16
Register Duplication               : YES
Optimize Instantiated Primitives   : NO
Use Clock Enable                   : Auto
Use Synchronous Set                : Auto
Use Synchronous Reset              : Auto
Pack IO Registers into IOBs        : Auto
Equivalent register Removal        : YES

---- General Options
Optimization Goal                  : Speed
Optimization Effort                : 1
Power Reduction                    : NO
Keep Hierarchy                     : No
Netlist Hierarchy                  : As_Optimized
RTL Output                         : Yes
Global Optimization                : AllClockNets
Read Cores                         : YES
Write Timing Constraints           : NO
Cross Clock Analysis               : NO
Hierarchy Separator                : /
Bus Delimiter                      : <>
Case Specifier                     : Maintain
Slice Utilization Ratio            : 100
BRAM Utilization Ratio             : 100
DSP48 Utilization Ratio            : 100
Auto BRAM Packing                  : NO
Slice Utilization Ratio Delta      : 5

=========================================================================


=========================================================================
*                          HDL Parsing                                  *
=========================================================================
Parsing VHDL file "C:\Users\abk\Desktop\m1\AEO\prepa_examen_1\clk_div.vhd" into library work
Parsing entity <clk_div>.
Parsing architecture <Behavioral> of entity <clk_div>.

=========================================================================
*                            HDL Elaboration                            *
=========================================================================

Elaborating entity <clk_div> (architecture <Behavioral>) from library <work>.

=========================================================================
*                           HDL Synthesis                               *
=========================================================================

Synthesizing Unit <clk_div>.
    Related source file is "C:\Users\abk\Desktop\m1\AEO\prepa_examen_1\clk_div.vhd".
    Found 24-bit register for signal <q>.
    Found 1-bit register for signal <e190>.
    Found 24-bit adder for signal <q[23]_GND_5_o_add_0_OUT> created at line 54.
    Summary:
	inferred   1 Adder/Subtractor(s).
	inferred  25 D-type flip-flop(s).
Unit <clk_div> synthesized.

=========================================================================
HDL Synthesis Report

Macro Statistics
# Adders/Subtractors                                   : 1
 24-bit adder                                          : 1
# Registers                                            : 2
 1-bit register                                        : 1
 24-bit register                                       : 1

=========================================================================

=========================================================================
*                       Advanced HDL Synthesis                          *
=========================================================================


Synthesizing (advanced) Unit <clk_div>.
The following registers are absorbed into counter <q>: 1 register on signal <q>.
Unit <clk_div> synthesized (advanced).

=========================================================================
Advanced HDL Synthesis Report

Macro Statistics
# Adders/Subtractors                                   : 1
 24-bit adder                                          : 1
# Counters                                             : 1
 24-bit up counter                                     : 1
# Registers                                            : 1
 Flip-Flops                                            : 1

=========================================================================

=========================================================================
*                         Low Level Synthesis                           *
=========================================================================
WARNING:Xst:2677 - Node <q_19> of sequential type is unconnected in block <clk_div>.
WARNING:Xst:2677 - Node <q_20> of sequential type is unconnected in block <clk_div>.
WARNING:Xst:2677 - Node <q_21> of sequential type is unconnected in block <clk_div>.
WARNING:Xst:2677 - Node <q_22> of sequential type is unconnected in block <clk_div>.
WARNING:Xst:2677 - Node <q_23> of sequential type is unconnected in block <clk_div>.

Optimizing unit <clk_div> ...

Mapping all equations...
Building and optimizing final netlist ...
Found area constraint ratio of 100 (+ 5) on block clk_div, actual ratio is 0.

Final Macro Processing ...

=========================================================================
Final Register Report

Macro Statistics
# Registers                                            : 20
 Flip-Flops                                            : 20

=========================================================================

=========================================================================
*                           Partition Report                            *
=========================================================================

Partition Implementation Status
-------------------------------

  No Partitions were found in this design.

-------------------------------

=========================================================================
*                            Design Summary                             *
=========================================================================

Top Level Output File Name         : clk_div.ngc

Primitive and Black Box Usage:
------------------------------
# BELS                             : 98
#      GND                         : 1
#      INV                         : 3
#      LUT1                        : 36
#      LUT2                        : 1
#      MUXCY                       : 36
#      VCC                         : 1
#      XORCY                       : 20
# FlipFlops/Latches                : 20
#      FDC                         : 19
#      FDE                         : 1
# Clock Buffers                    : 1
#      BUFGP                       : 1
# IO Buffers                       : 3
#      IBUF                        : 1
#      OBUF                        : 2

Device utilization summary:
---------------------------

Selected Device : 6slx16csg324-3 


Slice Logic Utilization: 
 Number of Slice Registers:              20  out of  18224     0%  
 Number of Slice LUTs:                   40  out of   9112     0%  
    Number used as Logic:                40  out of   9112     0%  

Slice Logic Distribution: 
 Number of LUT Flip Flop pairs used:     40
   Number with an unused Flip Flop:      20  out of     40    50%  
   Number with an unused LUT:             0  out of     40     0%  
   Number of fully used LUT-FF pairs:    20  out of     40    50%  
   Number of unique control sets:         2

IO Utilization: 
 Number of IOs:                           4
 Number of bonded IOBs:                   4  out of    232     1%  

Specific Feature Utilization:
 Number of BUFG/BUFGCTRLs:                1  out of     16     6%  

---------------------------
Partition Resource Summary:
---------------------------

  No Partitions were found in this design.

---------------------------


=========================================================================
Timing Report

NOTE: THESE TIMING NUMBERS ARE ONLY A SYNTHESIS ESTIMATE.
      FOR ACCURATE TIMING INFORMATION PLEASE REFER TO THE TRACE REPORT
      GENERATED AFTER PLACE-and-ROUTE.

Clock Information:
------------------
-----------------------------------+------------------------+-------+
Clock Signal                       | Clock buffer(FF name)  | Load  |
-----------------------------------+------------------------+-------+
clk                                | BUFGP                  | 20    |
-----------------------------------+------------------------+-------+

Asynchronous Control Signals Information:
----------------------------------------
No asynchronous control signals found in this design

Timing Summary:
---------------
Speed Grade: -3

   Minimum period: 2.831ns (Maximum Frequency: 353.219MHz)
   Minimum input arrival time before clock: 3.421ns
   Maximum output required time after clock: 3.701ns
   Maximum combinational path delay: No path found

Timing Details:
---------------
All values displayed in nanoseconds (ns)

=========================================================================
Timing constraint: Default period analysis for Clock 'clk'
  Clock period: 2.831ns (frequency: 353.219MHz)
  Total number of paths / destination ports: 210 / 20
-------------------------------------------------------------------------
Delay:               2.831ns (Levels of Logic = 21)
  Source:            q_0 (FF)
  Destination:       e190 (FF)
  Source Clock:      clk rising
  Destination Clock: clk rising

  Data Path: q_0 to e190
                                Gate     Net
    Cell:in->out      fanout   Delay   Delay  Logical Name (Net Name)
    ----------------------------------------  ------------
     FDC:C->Q              2   0.447   0.616  q_0 (q_0)
     INV:I->O              1   0.206   0.000  Madd_q[23]_GND_5_o_add_0_OUT_lut<0>_INV_0 (Madd_q[23]_GND_5_o_add_0_OUT_lut<0>)
     MUXCY:S->O            1   0.172   0.000  Madd_q[23]_GND_5_o_add_0_OUT_cy<0> (Madd_q[23]_GND_5_o_add_0_OUT_cy<0>)
     MUXCY:CI->O           1   0.019   0.000  Madd_q[23]_GND_5_o_add_0_OUT_cy<1> (Madd_q[23]_GND_5_o_add_0_OUT_cy<1>)
     MUXCY:CI->O           1   0.019   0.000  Madd_q[23]_GND_5_o_add_0_OUT_cy<2> (Madd_q[23]_GND_5_o_add_0_OUT_cy<2>)
     MUXCY:CI->O           1   0.019   0.000  Madd_q[23]_GND_5_o_add_0_OUT_cy<3> (Madd_q[23]_GND_5_o_add_0_OUT_cy<3>)
     MUXCY:CI->O           1   0.019   0.000  Madd_q[23]_GND_5_o_add_0_OUT_cy<4> (Madd_q[23]_GND_5_o_add_0_OUT_cy<4>)
     MUXCY:CI->O           1   0.019   0.000  Madd_q[23]_GND_5_o_add_0_OUT_cy<5> (Madd_q[23]_GND_5_o_add_0_OUT_cy<5>)
     MUXCY:CI->O           1   0.019   0.000  Madd_q[23]_GND_5_o_add_0_OUT_cy<6> (Madd_q[23]_GND_5_o_add_0_OUT_cy<6>)
     MUXCY:CI->O           1   0.019   0.000  Madd_q[23]_GND_5_o_add_0_OUT_cy<7> (Madd_q[23]_GND_5_o_add_0_OUT_cy<7>)
     MUXCY:CI->O           1   0.019   0.000  Madd_q[23]_GND_5_o_add_0_OUT_cy<8> (Madd_q[23]_GND_5_o_add_0_OUT_cy<8>)
     MUXCY:CI->O           1   0.019   0.000  Madd_q[23]_GND_5_o_add_0_OUT_cy<9> (Madd_q[23]_GND_5_o_add_0_OUT_cy<9>)
     MUXCY:CI->O           1   0.019   0.000  Madd_q[23]_GND_5_o_add_0_OUT_cy<10> (Madd_q[23]_GND_5_o_add_0_OUT_cy<10>)
     MUXCY:CI->O           1   0.019   0.000  Madd_q[23]_GND_5_o_add_0_OUT_cy<11> (Madd_q[23]_GND_5_o_add_0_OUT_cy<11>)
     MUXCY:CI->O           1   0.019   0.000  Madd_q[23]_GND_5_o_add_0_OUT_cy<12> (Madd_q[23]_GND_5_o_add_0_OUT_cy<12>)
     MUXCY:CI->O           1   0.019   0.000  Madd_q[23]_GND_5_o_add_0_OUT_cy<13> (Madd_q[23]_GND_5_o_add_0_OUT_cy<13>)
     MUXCY:CI->O           1   0.019   0.000  Madd_q[23]_GND_5_o_add_0_OUT_cy<14> (Madd_q[23]_GND_5_o_add_0_OUT_cy<14>)
     MUXCY:CI->O           1   0.019   0.000  Madd_q[23]_GND_5_o_add_0_OUT_cy<15> (Madd_q[23]_GND_5_o_add_0_OUT_cy<15>)
     MUXCY:CI->O           1   0.019   0.000  Madd_q[23]_GND_5_o_add_0_OUT_cy<16> (Madd_q[23]_GND_5_o_add_0_OUT_cy<16>)
     MUXCY:CI->O           0   0.019   0.000  Madd_q[23]_GND_5_o_add_0_OUT_cy<17> (Madd_q[23]_GND_5_o_add_0_OUT_cy<17>)
     XORCY:CI->O           1   0.180   0.580  Madd_q[23]_GND_5_o_add_0_OUT_xor<18> (q[23]_GND_5_o_add_0_OUT<18>)
     LUT2:I1->O            1   0.205   0.000  q[23]_clkin_AND_1_o1 (q[23]_clkin_AND_1_o)
     FDE:D                     0.102          e190
    ----------------------------------------
    Total                      2.831ns (1.635ns logic, 1.196ns route)
                                       (57.8% logic, 42.2% route)

=========================================================================
Timing constraint: Default OFFSET IN BEFORE for Clock 'clk'
  Total number of paths / destination ports: 20 / 20
-------------------------------------------------------------------------
Offset:              3.421ns (Levels of Logic = 2)
  Source:            reset (PAD)
  Destination:       e190 (FF)
  Destination Clock: clk rising

  Data Path: reset to e190
                                Gate     Net
    Cell:in->out      fanout   Delay   Delay  Logical Name (Net Name)
    ----------------------------------------  ------------
     IBUF:I->O            20   1.222   1.092  reset_IBUF (reset_IBUF)
     INV:I->O              1   0.206   0.579  reset_inv1_INV_0 (reset_inv)
     FDE:CE                    0.322          e190
    ----------------------------------------
    Total                      3.421ns (1.750ns logic, 1.671ns route)
                                       (51.2% logic, 48.8% route)

=========================================================================
Timing constraint: Default OFFSET OUT AFTER for Clock 'clk'
  Total number of paths / destination ports: 2 / 2
-------------------------------------------------------------------------
Offset:              3.701ns (Levels of Logic = 1)
  Source:            q_18 (FF)
  Destination:       clk190 (PAD)
  Source Clock:      clk rising

  Data Path: q_18 to clk190
                                Gate     Net
    Cell:in->out      fanout   Delay   Delay  Logical Name (Net Name)
    ----------------------------------------  ------------
     FDC:C->Q              4   0.447   0.683  q_18 (q_18)
     OBUF:I->O                 2.571          clk190_OBUF (clk190)
    ----------------------------------------
    Total                      3.701ns (3.018ns logic, 0.683ns route)
                                       (81.6% logic, 18.4% route)

=========================================================================

Cross Clock Domains Report:
--------------------------

Clock to Setup on destination clock clk
---------------+---------+---------+---------+---------+
               | Src:Rise| Src:Fall| Src:Rise| Src:Fall|
Source Clock   |Dest:Rise|Dest:Rise|Dest:Fall|Dest:Fall|
---------------+---------+---------+---------+---------+
clk            |    2.831|         |         |         |
---------------+---------+---------+---------+---------+

=========================================================================


Total REAL time to Xst completion: 6.00 secs
Total CPU time to Xst completion: 6.62 secs
 
--> 

Total memory usage is 293056 kilobytes

Number of errors   :    0 (   0 filtered)
Number of warnings :    5 (   0 filtered)
Number of infos    :    0 (   0 filtered)

